<?xml version="1.0" encoding="UTF-8"?>
<!-- Generated by org.testng.reporters.JUnitXMLReporter -->
<testsuite hostname="DESKTOP-JPD391C" name="Test" tests="2" failures="2" timestamp="21 Aug 2020 03:57:58 GMT" time="13.611" errors="0">
  <testcase name="" time="10.908" classname="runners.TestRunner">
    <failure type="cucumber.runtime.CucumberException" message="java.lang.AssertionError: null">
      <![CDATA[cucumber.runtime.CucumberException: java.lang.AssertionError: null
	at cucumber.api.testng.TestNGCucumberRunner.runCucumber(TestNGCucumberRunner.java:69)
	at runners.CustomRunner.feature(CustomRunner.java:26)
	at java.util.concurrent.FutureTask.run(Unknown Source)
	at java.util.concurrent.Executors$RunnableAdapter.call(Unknown Source)
	at java.util.concurrent.FutureTask.run(Unknown Source)
	at java.util.concurrent.ThreadPoolExecutor.runWorker(Unknown Source)
	at java.util.concurrent.ThreadPoolExecutor$Worker.run(Unknown Source)
	at java.lang.Thread.run(Unknown Source)
Caused by: java.lang.AssertionError: null
	at stepdefinitions.Steps.user_is_on_homepage_of_facebook_and_verifies_title(Steps.java:85)
	at ✽.Given User is on homepage of facebook and verifies title(Title.feature:6)
... Removed 11 stack frames]]>
    </failure>
  </testcase> <!--  -->
  <testcase name="" time="12.664" classname="runners.TestRunner">
    <failure type="cucumber.runtime.CucumberException" message="java.lang.AssertionError: null">
      <![CDATA[cucumber.runtime.CucumberException: java.lang.AssertionError: null
	at cucumber.api.testng.TestNGCucumberRunner.runCucumber(TestNGCucumberRunner.java:69)
	at runners.CustomRunner.feature(CustomRunner.java:26)
	at java.util.concurrent.FutureTask.run(Unknown Source)
	at java.util.concurrent.Executors$RunnableAdapter.call(Unknown Source)
	at java.util.concurrent.FutureTask.run(Unknown Source)
	at java.util.concurrent.ThreadPoolExecutor.runWorker(Unknown Source)
	at java.util.concurrent.ThreadPoolExecutor$Worker.run(Unknown Source)
	at java.lang.Thread.run(Unknown Source)
Caused by: java.lang.AssertionError: null
	at stepdefinitions.Steps.user_is_on_homepage_of_facebook_and_verifies_title(Steps.java:85)
	at ✽.Given User is on homepage of facebook and verifies title(Title.feature:6)
... Removed 11 stack frames]]>
    </failure>
  </testcase> <!--  -->
</testsuite> <!-- Test -->
